
AVRASM ver. 2.1.30  C:\ESCOM\Microcontroladores\Practica14\Debug\List\p14.asm Sun May 08 17:28:01 2022

C:\ESCOM\Microcontroladores\Practica14\Debug\List\p14.asm(1415): warning: Register r4 already defined by the .DEF directive
C:\ESCOM\Microcontroladores\Practica14\Debug\List\p14.asm(1416): warning: Register r5 already defined by the .DEF directive
C:\ESCOM\Microcontroladores\Practica14\Debug\List\p14.asm(1417): warning: Register r6 already defined by the .DEF directive
C:\ESCOM\Microcontroladores\Practica14\Debug\List\p14.asm(1418): warning: Register r7 already defined by the .DEF directive
                 
                 
                 ;CodeVisionAVR C Compiler V3.48b 
                 ;(C) Copyright 1998-2022 Pavel Haiduc, HP InfoTech S.R.L.
                 ;http://www.hpinfotech.ro
                 
                 ;Build configuration    : Debug
                 ;Chip type              : ATmega8535
                 ;Program type           : Application
                 ;Clock frequency        : 1.000000 MHz
                 ;Memory model           : Small
                 ;Optimize for           : Size
                 ;(s)printf features     : int, width
                 ;(s)scanf features      : int, width
                 ;External RAM size      : 0
                 ;Data Stack size        : 128 byte(s)
                 ;Heap size              : 0 byte(s)
                 ;Promote 'char' to 'int': Yes
                 ;'char' is unsigned     : Yes
                 ;8 bit enums            : Yes
                 ;Global 'const' stored in FLASH: Yes
                 ;Enhanced function parameter passing: Mode 2
                 ;Enhanced core instructions: On
                 ;Automatic register allocation for global variables: On
                 ;Smart register allocation: On
                 
                 	#define _MODEL_SMALL_
                 
                 	#pragma AVRPART ADMIN PART_NAME ATmega8535
                 	#pragma AVRPART MEMORY PROG_FLASH 8192
                 	#pragma AVRPART MEMORY EEPROM 512
                 	#pragma AVRPART MEMORY INT_SRAM SIZE 512
                 	#pragma AVRPART MEMORY INT_SRAM START_ADDR 0x60
                 
                 	.LISTMAC
                 	.EQU UDRE=0x5
                 	.EQU RXC=0x7
                 	.EQU USR=0xB
                 	.EQU UDR=0xC
                 	.EQU SPSR=0xE
                 	.EQU SPDR=0xF
                 	.EQU EERE=0x0
                 	.EQU EEWE=0x1
                 	.EQU EEMWE=0x2
                 	.EQU EECR=0x1C
                 	.EQU EEDR=0x1D
                 	.EQU EEARL=0x1E
                 	.EQU EEARH=0x1F
                 	.EQU WDTCR=0x21
                 	.EQU MCUCR=0x35
                 	.EQU SPMCSR=0x37
                 	.EQU GICR=0x3B
                 	.EQU SPL=0x3D
                 	.EQU SPH=0x3E
                 	.EQU SREG=0x3F
                 
                 	.DEF R0X0=R0
                 	.DEF R0X1=R1
                 	.DEF R0X2=R2
                 	.DEF R0X3=R3
                 	.DEF R0X4=R4
                 	.DEF R0X5=R5
                 	.DEF R0X6=R6
                 	.DEF R0X7=R7
                 	.DEF R0X8=R8
                 	.DEF R0X9=R9
                 	.DEF R0XA=R10
                 	.DEF R0XB=R11
                 	.DEF R0XC=R12
                 	.DEF R0XD=R13
                 	.DEF R0XE=R14
                 	.DEF R0XF=R15
                 	.DEF R0X10=R16
                 	.DEF R0X11=R17
                 	.DEF R0X12=R18
                 	.DEF R0X13=R19
                 	.DEF R0X14=R20
                 	.DEF R0X15=R21
                 	.DEF R0X16=R22
                 	.DEF R0X17=R23
                 	.DEF R0X18=R24
                 	.DEF R0X19=R25
                 	.DEF R0X1A=R26
                 	.DEF R0X1B=R27
                 	.DEF R0X1C=R28
                 	.DEF R0X1D=R29
                 	.DEF R0X1E=R30
                 	.DEF R0X1F=R31
                 
                 	.EQU __SRAM_START=0x0060
                 	.EQU __SRAM_END=0x025F
                 	.EQU __DSTACK_SIZE=0x0080
                 	.EQU __HEAP_SIZE=0x0000
                 	.EQU __CLEAR_SRAM_SIZE=__SRAM_END-__SRAM_START+1
                 
                 	.EQU __FLASH_PAGE_SIZE=0x20
                 
                 	.MACRO __CPD1N
                 	CPI  R30,LOW(@0)
                 	LDI  R26,HIGH(@0)
                 	CPC  R31,R26
                 	LDI  R26,BYTE3(@0)
                 	CPC  R22,R26
                 	LDI  R26,BYTE4(@0)
                 	CPC  R23,R26
                 	.ENDM
                 
                 	.MACRO __CPD2N
                 	CPI  R26,LOW(@0)
                 	LDI  R30,HIGH(@0)
                 	CPC  R27,R30
                 	LDI  R30,BYTE3(@0)
                 	CPC  R24,R30
                 	LDI  R30,BYTE4(@0)
                 	CPC  R25,R30
                 	.ENDM
                 
                 	.MACRO __CPWRR
                 	CP   R@0,R@2
                 	CPC  R@1,R@3
                 	.ENDM
                 
                 	.MACRO __CPWRN
                 	CPI  R@0,LOW(@2)
                 	LDI  R30,HIGH(@2)
                 	CPC  R@1,R30
                 	.ENDM
                 
                 	.MACRO __ADDB1MN
                 	SUBI R30,LOW(-@0-(@1))
                 	.ENDM
                 
                 	.MACRO __ADDB2MN
                 	SUBI R26,LOW(-@0-(@1))
                 	.ENDM
                 
                 	.MACRO __ADDW1MN
                 	SUBI R30,LOW(-@0-(@1))
                 	SBCI R31,HIGH(-@0-(@1))
                 	.ENDM
                 
                 	.MACRO __ADDW2MN
                 	SUBI R26,LOW(-@0-(@1))
                 	SBCI R27,HIGH(-@0-(@1))
                 	.ENDM
                 
                 	.MACRO __ADDW1FN
                 	SUBI R30,LOW(-2*@0-(@1))
                 	SBCI R31,HIGH(-2*@0-(@1))
                 	.ENDM
                 
                 	.MACRO __ADDD1FN
                 	SUBI R30,LOW(-2*@0-(@1))
                 	SBCI R31,HIGH(-2*@0-(@1))
                 	SBCI R22,BYTE3(-2*@0-(@1))
                 	.ENDM
                 
                 	.MACRO __ADDD1N
                 	SUBI R30,LOW(-@0)
                 	SBCI R31,HIGH(-@0)
                 	SBCI R22,BYTE3(-@0)
                 	SBCI R23,BYTE4(-@0)
                 	.ENDM
                 
                 	.MACRO __ADDD2N
                 	SUBI R26,LOW(-@0)
                 	SBCI R27,HIGH(-@0)
                 	SBCI R24,BYTE3(-@0)
                 	SBCI R25,BYTE4(-@0)
                 	.ENDM
                 
                 	.MACRO __SUBD1N
                 	SUBI R30,LOW(@0)
                 	SBCI R31,HIGH(@0)
                 	SBCI R22,BYTE3(@0)
                 	SBCI R23,BYTE4(@0)
                 	.ENDM
                 
                 	.MACRO __SUBD2N
                 	SUBI R26,LOW(@0)
                 	SBCI R27,HIGH(@0)
                 	SBCI R24,BYTE3(@0)
                 	SBCI R25,BYTE4(@0)
                 	.ENDM
                 
                 	.MACRO __ANDBMNN
                 	LDS  R30,@0+(@1)
                 	ANDI R30,LOW(@2)
                 	STS  @0+(@1),R30
                 	.ENDM
                 
                 	.MACRO __ANDWMNN
                 	LDS  R30,@0+(@1)
                 	ANDI R30,LOW(@2)
                 	STS  @0+(@1),R30
                 	LDS  R30,@0+(@1)+1
                 	ANDI R30,HIGH(@2)
                 	STS  @0+(@1)+1,R30
                 	.ENDM
                 
                 	.MACRO __ANDD1N
                 	ANDI R30,LOW(@0)
                 	ANDI R31,HIGH(@0)
                 	ANDI R22,BYTE3(@0)
                 	ANDI R23,BYTE4(@0)
                 	.ENDM
                 
                 	.MACRO __ANDD2N
                 	ANDI R26,LOW(@0)
                 	ANDI R27,HIGH(@0)
                 	ANDI R24,BYTE3(@0)
                 	ANDI R25,BYTE4(@0)
                 	.ENDM
                 
                 	.MACRO __ORBMNN
                 	LDS  R30,@0+(@1)
                 	ORI  R30,LOW(@2)
                 	STS  @0+(@1),R30
                 	.ENDM
                 
                 	.MACRO __ORWMNN
                 	LDS  R30,@0+(@1)
                 	ORI  R30,LOW(@2)
                 	STS  @0+(@1),R30
                 	LDS  R30,@0+(@1)+1
                 	ORI  R30,HIGH(@2)
                 	STS  @0+(@1)+1,R30
                 	.ENDM
                 
                 	.MACRO __ORD1N
                 	ORI  R30,LOW(@0)
                 	ORI  R31,HIGH(@0)
                 	ORI  R22,BYTE3(@0)
                 	ORI  R23,BYTE4(@0)
                 	.ENDM
                 
                 	.MACRO __ORD2N
                 	ORI  R26,LOW(@0)
                 	ORI  R27,HIGH(@0)
                 	ORI  R24,BYTE3(@0)
                 	ORI  R25,BYTE4(@0)
                 	.ENDM
                 
                 	.MACRO __DELAY_USB
                 	LDI  R24,LOW(@0)
                 __DELAY_USB_LOOP:
                 	DEC  R24
                 	BRNE __DELAY_USB_LOOP
                 	.ENDM
                 
                 	.MACRO __DELAY_USW
                 	LDI  R24,LOW(@0)
                 	LDI  R25,HIGH(@0)
                 __DELAY_USW_LOOP:
                 	SBIW R24,1
                 	BRNE __DELAY_USW_LOOP
                 	.ENDM
                 
                 	.MACRO __GETW1P
                 	LD   R30,X+
                 	LD   R31,X
                 	SBIW R26,1
                 	.ENDM
                 
                 	.MACRO __GETD1S
                 	LDD  R30,Y+@0
                 	LDD  R31,Y+@0+1
                 	LDD  R22,Y+@0+2
                 	LDD  R23,Y+@0+3
                 	.ENDM
                 
                 	.MACRO __GETD2S
                 	LDD  R26,Y+@0
                 	LDD  R27,Y+@0+1
                 	LDD  R24,Y+@0+2
                 	LDD  R25,Y+@0+3
                 	.ENDM
                 
                 	.MACRO __GETD1P_INC
                 	LD   R30,X+
                 	LD   R31,X+
                 	LD   R22,X+
                 	LD   R23,X+
                 	.ENDM
                 
                 	.MACRO __GETD1P_DEC
                 	LD   R23,-X
                 	LD   R22,-X
                 	LD   R31,-X
                 	LD   R30,-X
                 	.ENDM
                 
                 	.MACRO __PUTDP1
                 	ST   X+,R30
                 	ST   X+,R31
                 	ST   X+,R22
                 	ST   X,R23
                 	.ENDM
                 
                 	.MACRO __PUTDP1_DEC
                 	ST   -X,R23
                 	ST   -X,R22
                 	ST   -X,R31
                 	ST   -X,R30
                 	.ENDM
                 
                 	.MACRO __PUTD1S
                 	STD  Y+@0,R30
                 	STD  Y+@0+1,R31
                 	STD  Y+@0+2,R22
                 	STD  Y+@0+3,R23
                 	.ENDM
                 
                 	.MACRO __PUTD2S
                 	STD  Y+@0,R26
                 	STD  Y+@0+1,R27
                 	STD  Y+@0+2,R24
                 	STD  Y+@0+3,R25
                 	.ENDM
                 
                 	.MACRO __PUTDZ2
                 	STD  Z+@0,R26
                 	STD  Z+@0+1,R27
                 	STD  Z+@0+2,R24
                 	STD  Z+@0+3,R25
                 	.ENDM
                 
                 	.MACRO __CLRD1S
                 	STD  Y+@0,R30
                 	STD  Y+@0+1,R30
                 	STD  Y+@0+2,R30
                 	STD  Y+@0+3,R30
                 	.ENDM
                 
                 	.MACRO __CPD10
                 	SBIW R30,0
                 	SBCI R22,0
                 	SBCI R23,0
                 	.ENDM
                 
                 	.MACRO __CPD20
                 	SBIW R26,0
                 	SBCI R24,0
                 	SBCI R25,0
                 	.ENDM
                 
                 	.MACRO __ADDD12
                 	ADD  R30,R26
                 	ADC  R31,R27
                 	ADC  R22,R24
                 	ADC  R23,R25
                 	.ENDM
                 
                 	.MACRO __ADDD21
                 	ADD  R26,R30
                 	ADC  R27,R31
                 	ADC  R24,R22
                 	ADC  R25,R23
                 	.ENDM
                 
                 	.MACRO __SUBD12
                 	SUB  R30,R26
                 	SBC  R31,R27
                 	SBC  R22,R24
                 	SBC  R23,R25
                 	.ENDM
                 
                 	.MACRO __SUBD21
                 	SUB  R26,R30
                 	SBC  R27,R31
                 	SBC  R24,R22
                 	SBC  R25,R23
                 	.ENDM
                 
                 	.MACRO __ANDD12
                 	AND  R30,R26
                 	AND  R31,R27
                 	AND  R22,R24
                 	AND  R23,R25
                 	.ENDM
                 
                 	.MACRO __ORD12
                 	OR   R30,R26
                 	OR   R31,R27
                 	OR   R22,R24
                 	OR   R23,R25
                 	.ENDM
                 
                 	.MACRO __XORD12
                 	EOR  R30,R26
                 	EOR  R31,R27
                 	EOR  R22,R24
                 	EOR  R23,R25
                 	.ENDM
                 
                 	.MACRO __XORD21
                 	EOR  R26,R30
                 	EOR  R27,R31
                 	EOR  R24,R22
                 	EOR  R25,R23
                 	.ENDM
                 
                 	.MACRO __COMD1
                 	COM  R30
                 	COM  R31
                 	COM  R22
                 	COM  R23
                 	.ENDM
                 
                 	.MACRO __MULD2_2
                 	LSL  R26
                 	ROL  R27
                 	ROL  R24
                 	ROL  R25
                 	.ENDM
                 
                 	.MACRO __LSRD1
                 	LSR  R23
                 	ROR  R22
                 	ROR  R31
                 	ROR  R30
                 	.ENDM
                 
                 	.MACRO __LSLD1
                 	LSL  R30
                 	ROL  R31
                 	ROL  R22
                 	ROL  R23
                 	.ENDM
                 
                 	.MACRO __ASRB4
                 	ASR  R30
                 	ASR  R30
                 	ASR  R30
                 	ASR  R30
                 	.ENDM
                 
                 	.MACRO __ASRW8
                 	MOV  R30,R31
                 	CLR  R31
                 	SBRC R30,7
                 	SER  R31
                 	.ENDM
                 
                 	.MACRO __LSRD16
                 	MOV  R30,R22
                 	MOV  R31,R23
                 	LDI  R22,0
                 	LDI  R23,0
                 	.ENDM
                 
                 	.MACRO __LSLD16
                 	MOV  R22,R30
                 	MOV  R23,R31
                 	LDI  R30,0
                 	LDI  R31,0
                 	.ENDM
                 
                 	.MACRO __CWD1
                 	MOV  R22,R31
                 	ADD  R22,R22
                 	SBC  R22,R22
                 	MOV  R23,R22
                 	.ENDM
                 
                 	.MACRO __CWD2
                 	MOV  R24,R27
                 	ADD  R24,R24
                 	SBC  R24,R24
                 	MOV  R25,R24
                 	.ENDM
                 
                 	.MACRO __SETMSD1
                 	SER  R31
                 	SER  R22
                 	SER  R23
                 	.ENDM
                 
                 	.MACRO __ADDW1R15
                 	CLR  R0
                 	ADD  R30,R15
                 	ADC  R31,R0
                 	.ENDM
                 
                 	.MACRO __ADDW2R15
                 	CLR  R0
                 	ADD  R26,R15
                 	ADC  R27,R0
                 	.ENDM
                 
                 	.MACRO __EQB12
                 	CP   R30,R26
                 	LDI  R30,1
                 	BREQ PC+2
                 	CLR  R30
                 	.ENDM
                 
                 	.MACRO __NEB12
                 	CP   R30,R26
                 	LDI  R30,1
                 	BRNE PC+2
                 	CLR  R30
                 	.ENDM
                 
                 	.MACRO __LEB12
                 	CP   R30,R26
                 	LDI  R30,1
                 	BRGE PC+2
                 	CLR  R30
                 	.ENDM
                 
                 	.MACRO __GEB12
                 	CP   R26,R30
                 	LDI  R30,1
                 	BRGE PC+2
                 	CLR  R30
                 	.ENDM
                 
                 	.MACRO __LTB12
                 	CP   R26,R30
                 	LDI  R30,1
                 	BRLT PC+2
                 	CLR  R30
                 	.ENDM
                 
                 	.MACRO __GTB12
                 	CP   R30,R26
                 	LDI  R30,1
                 	BRLT PC+2
                 	CLR  R30
                 	.ENDM
                 
                 	.MACRO __LEB12U
                 	CP   R30,R26
                 	LDI  R30,1
                 	BRSH PC+2
                 	CLR  R30
                 	.ENDM
                 
                 	.MACRO __GEB12U
                 	CP   R26,R30
                 	LDI  R30,1
                 	BRSH PC+2
                 	CLR  R30
                 	.ENDM
                 
                 	.MACRO __LTB12U
                 	CP   R26,R30
                 	LDI  R30,1
                 	BRLO PC+2
                 	CLR  R30
                 	.ENDM
                 
                 	.MACRO __GTB12U
                 	CP   R30,R26
                 	LDI  R30,1
                 	BRLO PC+2
                 	CLR  R30
                 	.ENDM
                 
                 	.MACRO __CPW01
                 	CLR  R0
                 	CP   R0,R30
                 	CPC  R0,R31
                 	.ENDM
                 
                 	.MACRO __CPW02
                 	CLR  R0
                 	CP   R0,R26
                 	CPC  R0,R27
                 	.ENDM
                 
                 	.MACRO __CPD12
                 	CP   R30,R26
                 	CPC  R31,R27
                 	CPC  R22,R24
                 	CPC  R23,R25
                 	.ENDM
                 
                 	.MACRO __CPD21
                 	CP   R26,R30
                 	CPC  R27,R31
                 	CPC  R24,R22
                 	CPC  R25,R23
                 	.ENDM
                 
                 	.MACRO __BSTB1
                 	CLT
                 	TST  R30
                 	BREQ PC+2
                 	SET
                 	.ENDM
                 
                 	.MACRO __LNEGB1
                 	TST  R30
                 	LDI  R30,1
                 	BREQ PC+2
                 	CLR  R30
                 	.ENDM
                 
                 	.MACRO __LNEGW1
                 	OR   R30,R31
                 	LDI  R30,1
                 	BREQ PC+2
                 	LDI  R30,0
                 	.ENDM
                 
                 	.MACRO __POINTB1MN
                 	LDI  R30,LOW(@0+(@1))
                 	.ENDM
                 
                 	.MACRO __POINTW1MN
                 	LDI  R30,LOW(@0+(@1))
                 	LDI  R31,HIGH(@0+(@1))
                 	.ENDM
                 
                 	.MACRO __POINTD1M
                 	LDI  R30,LOW(@0)
                 	LDI  R31,HIGH(@0)
                 	LDI  R22,BYTE3(@0)
                 	LDI  R23,BYTE4(@0)
                 	.ENDM
                 
                 	.MACRO __POINTW1FN
                 	LDI  R30,LOW(2*@0+(@1))
                 	LDI  R31,HIGH(2*@0+(@1))
                 	.ENDM
                 
                 	.MACRO __POINTD1FN
                 	LDI  R30,LOW(2*@0+(@1))
                 	LDI  R31,HIGH(2*@0+(@1))
                 	LDI  R22,BYTE3(2*@0+(@1))
                 	LDI  R23,BYTE4(2*@0+(@1))
                 	.ENDM
                 
                 	.MACRO __POINTB2MN
                 	LDI  R26,LOW(@0+(@1))
                 	.ENDM
                 
                 	.MACRO __POINTW2MN
                 	LDI  R26,LOW(@0+(@1))
                 	LDI  R27,HIGH(@0+(@1))
                 	.ENDM
                 
                 	.MACRO __POINTD2M
                 	LDI  R26,LOW(@0)
                 	LDI  R27,HIGH(@0)
                 	LDI  R24,BYTE3(@0)
                 	LDI  R25,BYTE4(@0)
                 	.ENDM
                 
                 	.MACRO __POINTW2FN
                 	LDI  R26,LOW(2*@0+(@1))
                 	LDI  R27,HIGH(2*@0+(@1))
                 	.ENDM
                 
                 	.MACRO __POINTD2FN
                 	LDI  R26,LOW(2*@0+(@1))
                 	LDI  R27,HIGH(2*@0+(@1))
                 	LDI  R24,BYTE3(2*@0+(@1))
                 	LDI  R25,BYTE4(2*@0+(@1))
                 	.ENDM
                 
                 	.MACRO __POINTBRM
                 	LDI  R@0,LOW(@1)
                 	.ENDM
                 
                 	.MACRO __POINTWRM
                 	LDI  R@0,LOW(@2)
                 	LDI  R@1,HIGH(@2)
                 	.ENDM
                 
                 	.MACRO __POINTBRMN
                 	LDI  R@0,LOW(@1+(@2))
                 	.ENDM
                 
                 	.MACRO __POINTWRMN
                 	LDI  R@0,LOW(@2+(@3))
                 	LDI  R@1,HIGH(@2+(@3))
                 	.ENDM
                 
                 	.MACRO __POINTWRFN
                 	LDI  R@0,LOW(@2*2+(@3))
                 	LDI  R@1,HIGH(@2*2+(@3))
                 	.ENDM
                 
                 	.MACRO __GETD1N
                 	LDI  R30,LOW(@0)
                 	LDI  R31,HIGH(@0)
                 	LDI  R22,BYTE3(@0)
                 	LDI  R23,BYTE4(@0)
                 	.ENDM
                 
                 	.MACRO __GETD2N
                 	LDI  R26,LOW(@0)
                 	LDI  R27,HIGH(@0)
                 	LDI  R24,BYTE3(@0)
                 	LDI  R25,BYTE4(@0)
                 	.ENDM
                 
                 	.MACRO __GETB1MN
                 	LDS  R30,@0+(@1)
                 	.ENDM
                 
                 	.MACRO __GETB1HMN
                 	LDS  R31,@0+(@1)
                 	.ENDM
                 
                 	.MACRO __GETW1MN
                 	LDS  R30,@0+(@1)
                 	LDS  R31,@0+(@1)+1
                 	.ENDM
                 
                 	.MACRO __GETD1MN
                 	LDS  R30,@0+(@1)
                 	LDS  R31,@0+(@1)+1
                 	LDS  R22,@0+(@1)+2
                 	LDS  R23,@0+(@1)+3
                 	.ENDM
                 
                 	.MACRO __GETBRMN
                 	LDS  R@0,@1+(@2)
                 	.ENDM
                 
                 	.MACRO __GETWRMN
                 	LDS  R@0,@2+(@3)
                 	LDS  R@1,@2+(@3)+1
                 	.ENDM
                 
                 	.MACRO __GETWRZ
                 	LDD  R@0,Z+@2
                 	LDD  R@1,Z+@2+1
                 	.ENDM
                 
                 	.MACRO __GETD2Z
                 	LDD  R26,Z+@0
                 	LDD  R27,Z+@0+1
                 	LDD  R24,Z+@0+2
                 	LDD  R25,Z+@0+3
                 	.ENDM
                 
                 	.MACRO __GETB2MN
                 	LDS  R26,@0+(@1)
                 	.ENDM
                 
                 	.MACRO __GETW2MN
                 	LDS  R26,@0+(@1)
                 	LDS  R27,@0+(@1)+1
                 	.ENDM
                 
                 	.MACRO __GETD2MN
                 	LDS  R26,@0+(@1)
                 	LDS  R27,@0+(@1)+1
                 	LDS  R24,@0+(@1)+2
                 	LDS  R25,@0+(@1)+3
                 	.ENDM
                 
                 	.MACRO __PUTB1MN
                 	STS  @0+(@1),R30
                 	.ENDM
                 
                 	.MACRO __PUTW1MN
                 	STS  @0+(@1),R30
                 	STS  @0+(@1)+1,R31
                 	.ENDM
                 
                 	.MACRO __PUTD1MN
                 	STS  @0+(@1),R30
                 	STS  @0+(@1)+1,R31
                 	STS  @0+(@1)+2,R22
                 	STS  @0+(@1)+3,R23
                 	.ENDM
                 
                 	.MACRO __PUTB1EN
                 	LDI  R26,LOW(@0+(@1))
                 	LDI  R27,HIGH(@0+(@1))
                 	RCALL __EEPROMWRB
                 	.ENDM
                 
                 	.MACRO __PUTW1EN
                 	LDI  R26,LOW(@0+(@1))
                 	LDI  R27,HIGH(@0+(@1))
                 	RCALL __EEPROMWRW
                 	.ENDM
                 
                 	.MACRO __PUTD1EN
                 	LDI  R26,LOW(@0+(@1))
                 	LDI  R27,HIGH(@0+(@1))
                 	RCALL __EEPROMWRD
                 	.ENDM
                 
                 	.MACRO __PUTBR0MN
                 	STS  @0+(@1),R0
                 	.ENDM
                 
                 	.MACRO __PUTBMRN
                 	STS  @0+(@1),R@2
                 	.ENDM
                 
                 	.MACRO __PUTWMRN
                 	STS  @0+(@1),R@2
                 	STS  @0+(@1)+1,R@3
                 	.ENDM
                 
                 	.MACRO __PUTBZR
                 	STD  Z+@1,R@0
                 	.ENDM
                 
                 	.MACRO __PUTWZR
                 	STD  Z+@2,R@0
                 	STD  Z+@2+1,R@1
                 	.ENDM
                 
                 	.MACRO __GETW1R
                 	MOV  R30,R@0
                 	MOV  R31,R@1
                 	.ENDM
                 
                 	.MACRO __GETW2R
                 	MOV  R26,R@0
                 	MOV  R27,R@1
                 	.ENDM
                 
                 	.MACRO __GETWRN
                 	LDI  R@0,LOW(@2)
                 	LDI  R@1,HIGH(@2)
                 	.ENDM
                 
                 	.MACRO __PUTW1R
                 	MOV  R@0,R30
                 	MOV  R@1,R31
                 	.ENDM
                 
                 	.MACRO __PUTW2R
                 	MOV  R@0,R26
                 	MOV  R@1,R27
                 	.ENDM
                 
                 	.MACRO __ADDWRN
                 	SUBI R@0,LOW(-@2)
                 	SBCI R@1,HIGH(-@2)
                 	.ENDM
                 
                 	.MACRO __ADDWRR
                 	ADD  R@0,R@2
                 	ADC  R@1,R@3
                 	.ENDM
                 
                 	.MACRO __SUBWRN
                 	SUBI R@0,LOW(@2)
                 	SBCI R@1,HIGH(@2)
                 	.ENDM
                 
                 	.MACRO __SUBWRR
                 	SUB  R@0,R@2
                 	SBC  R@1,R@3
                 	.ENDM
                 
                 	.MACRO __ANDWRN
                 	ANDI R@0,LOW(@2)
                 	ANDI R@1,HIGH(@2)
                 	.ENDM
                 
                 	.MACRO __ANDWRR
                 	AND  R@0,R@2
                 	AND  R@1,R@3
                 	.ENDM
                 
                 	.MACRO __ORWRN
                 	ORI  R@0,LOW(@2)
                 	ORI  R@1,HIGH(@2)
                 	.ENDM
                 
                 	.MACRO __ORWRR
                 	OR   R@0,R@2
                 	OR   R@1,R@3
                 	.ENDM
                 
                 	.MACRO __EORWRR
                 	EOR  R@0,R@2
                 	EOR  R@1,R@3
                 	.ENDM
                 
                 	.MACRO __GETWRS
                 	LDD  R@0,Y+@2
                 	LDD  R@1,Y+@2+1
                 	.ENDM
                 
                 	.MACRO __PUTBSR
                 	STD  Y+@1,R@0
                 	.ENDM
                 
                 	.MACRO __PUTWSR
                 	STD  Y+@2,R@0
                 	STD  Y+@2+1,R@1
                 	.ENDM
                 
                 	.MACRO __MOVEWRR
                 	MOV  R@0,R@2
                 	MOV  R@1,R@3
                 	.ENDM
                 
                 	.MACRO __INWR
                 	IN   R@0,@2
                 	IN   R@1,@2+1
                 	.ENDM
                 
                 	.MACRO __OUTWR
                 	OUT  @2+1,R@1
                 	OUT  @2,R@0
                 	.ENDM
                 
                 	.MACRO __CALL1MN
                 	LDS  R30,@0+(@1)
                 	LDS  R31,@0+(@1)+1
                 	ICALL
                 	.ENDM
                 
                 	.MACRO __CALL1FN
                 	LDI  R30,LOW(2*@0+(@1))
                 	LDI  R31,HIGH(2*@0+(@1))
                 	RCALL __GETW1PF
                 	ICALL
                 	.ENDM
                 
                 	.MACRO __CALL2EN
                 	PUSH R26
                 	PUSH R27
                 	LDI  R26,LOW(@0+(@1))
                 	LDI  R27,HIGH(@0+(@1))
                 	RCALL __EEPROMRDW
                 	POP  R27
                 	POP  R26
                 	ICALL
                 	.ENDM
                 
                 	.MACRO __CALL2EX
                 	SUBI R26,LOW(-@0)
                 	SBCI R27,HIGH(-@0)
                 	RCALL __EEPROMRDD
                 	ICALL
                 	.ENDM
                 
                 	.MACRO __GETW1STACK
                 	IN   R30,SPL
                 	IN   R31,SPH
                 	ADIW R30,@0+1
                 	LD   R0,Z+
                 	LD   R31,Z
                 	MOV  R30,R0
                 	.ENDM
                 
                 	.MACRO __GETD1STACK
                 	IN   R30,SPL
                 	IN   R31,SPH
                 	ADIW R30,@0+1
                 	LD   R0,Z+
                 	LD   R1,Z+
                 	LD   R22,Z
                 	MOVW R30,R0
                 	.ENDM
                 
                 	.MACRO __NBST
                 	BST  R@0,@1
                 	IN   R30,SREG
                 	LDI  R31,0x40
                 	EOR  R30,R31
                 	OUT  SREG,R30
                 	.ENDM
                 
                 
                 	.MACRO __PUTB1SN
                 	LDD  R26,Y+@0
                 	LDD  R27,Y+@0+1
                 	SUBI R26,LOW(-@1)
                 	SBCI R27,HIGH(-@1)
                 	ST   X,R30
                 	.ENDM
                 
                 	.MACRO __PUTW1SN
                 	LDD  R26,Y+@0
                 	LDD  R27,Y+@0+1
                 	SUBI R26,LOW(-@1)
                 	SBCI R27,HIGH(-@1)
                 	ST   X+,R30
                 	ST   X,R31
                 	.ENDM
                 
                 	.MACRO __PUTD1SN
                 	LDD  R26,Y+@0
                 	LDD  R27,Y+@0+1
                 	SUBI R26,LOW(-@1)
                 	SBCI R27,HIGH(-@1)
                 	ST   X+,R30
                 	ST   X+,R31
                 	ST   X+,R22
                 	ST   X,R23
                 	.ENDM
                 
                 	.MACRO __PUTB1SNS
                 	LDD  R26,Y+@0
                 	LDD  R27,Y+@0+1
                 	ADIW R26,@1
                 	ST   X,R30
                 	.ENDM
                 
                 	.MACRO __PUTW1SNS
                 	LDD  R26,Y+@0
                 	LDD  R27,Y+@0+1
                 	ADIW R26,@1
                 	ST   X+,R30
                 	ST   X,R31
                 	.ENDM
                 
                 	.MACRO __PUTD1SNS
                 	LDD  R26,Y+@0
                 	LDD  R27,Y+@0+1
                 	ADIW R26,@1
                 	ST   X+,R30
                 	ST   X+,R31
                 	ST   X+,R22
                 	ST   X,R23
                 	.ENDM
                 
                 	.MACRO __PUTB1PMN
                 	LDS  R26,@0
                 	LDS  R27,@0+1
                 	SUBI R26,LOW(-@1)
                 	SBCI R27,HIGH(-@1)
                 	ST   X,R30
                 	.ENDM
                 
                 	.MACRO __PUTW1PMN
                 	LDS  R26,@0
                 	LDS  R27,@0+1
                 	SUBI R26,LOW(-@1)
                 	SBCI R27,HIGH(-@1)
                 	ST   X+,R30
                 	ST   X,R31
                 	.ENDM
                 
                 	.MACRO __PUTD1PMN
                 	LDS  R26,@0
                 	LDS  R27,@0+1
                 	SUBI R26,LOW(-@1)
                 	SBCI R27,HIGH(-@1)
                 	ST   X+,R30
                 	ST   X+,R31
                 	ST   X+,R22
                 	ST   X,R23
                 	.ENDM
                 
                 	.MACRO __PUTB1PMNS
                 	LDS  R26,@0
                 	LDS  R27,@0+1
                 	ADIW R26,@1
                 	ST   X,R30
                 	.ENDM
                 
                 	.MACRO __PUTW1PMNS
                 	LDS  R26,@0
                 	LDS  R27,@0+1
                 	ADIW R26,@1
                 	ST   X+,R30
                 	ST   X,R31
                 	.ENDM
                 
                 	.MACRO __PUTD1PMNS
                 	LDS  R26,@0
                 	LDS  R27,@0+1
                 	ADIW R26,@1
                 	ST   X+,R30
                 	ST   X+,R31
                 	ST   X+,R22
                 	ST   X,R23
                 	.ENDM
                 
                 	.MACRO __PUTB1RN
                 	MOVW R26,R@0
                 	SUBI R26,LOW(-@1)
                 	SBCI R27,HIGH(-@1)
                 	ST   X,R30
                 	.ENDM
                 
                 	.MACRO __PUTW1RN
                 	MOVW R26,R@0
                 	SUBI R26,LOW(-@1)
                 	SBCI R27,HIGH(-@1)
                 	ST   X+,R30
                 	ST   X,R31
                 	.ENDM
                 
                 	.MACRO __PUTD1RN
                 	MOVW R26,R@0
                 	SUBI R26,LOW(-@1)
                 	SBCI R27,HIGH(-@1)
                 	ST   X+,R30
                 	ST   X+,R31
                 	ST   X+,R22
                 	ST   X,R23
                 	.ENDM
                 
                 	.MACRO __PUTB1RNS
                 	MOVW R26,R@0
                 	ADIW R26,@1
                 	ST   X,R30
                 	.ENDM
                 
                 	.MACRO __PUTW1RNS
                 	MOVW R26,R@0
                 	ADIW R26,@1
                 	ST   X+,R30
                 	ST   X,R31
                 	.ENDM
                 
                 	.MACRO __PUTD1RNS
                 	MOVW R26,R@0
                 	ADIW R26,@1
                 	ST   X+,R30
                 	ST   X+,R31
                 	ST   X+,R22
                 	ST   X,R23
                 	.ENDM
                 
                 	.MACRO __PUTB1RON
                 	MOV  R26,R@0
                 	MOV  R27,R@1
                 	SUBI R26,LOW(-@2)
                 	SBCI R27,HIGH(-@2)
                 	ST   X,R30
                 	.ENDM
                 
                 	.MACRO __PUTW1RON
                 	MOV  R26,R@0
                 	MOV  R27,R@1
                 	SUBI R26,LOW(-@2)
                 	SBCI R27,HIGH(-@2)
                 	ST   X+,R30
                 	ST   X,R31
                 	.ENDM
                 
                 	.MACRO __PUTD1RON
                 	MOV  R26,R@0
                 	MOV  R27,R@1
                 	SUBI R26,LOW(-@2)
                 	SBCI R27,HIGH(-@2)
                 	ST   X+,R30
                 	ST   X+,R31
                 	ST   X+,R22
                 	ST   X,R23
                 	.ENDM
                 
                 	.MACRO __PUTB1RONS
                 	MOV  R26,R@0
                 	MOV  R27,R@1
                 	ADIW R26,@2
                 	ST   X,R30
                 	.ENDM
                 
                 	.MACRO __PUTW1RONS
                 	MOV  R26,R@0
                 	MOV  R27,R@1
                 	ADIW R26,@2
                 	ST   X+,R30
                 	ST   X,R31
                 	.ENDM
                 
                 	.MACRO __PUTD1RONS
                 	MOV  R26,R@0
                 	MOV  R27,R@1
                 	ADIW R26,@2
                 	ST   X+,R30
                 	ST   X+,R31
                 	ST   X+,R22
                 	ST   X,R23
                 	.ENDM
                 
                 
                 	.MACRO __GETB1SX
                 	MOVW R30,R28
                 	SUBI R30,LOW(-@0)
                 	SBCI R31,HIGH(-@0)
                 	LD   R30,Z
                 	.ENDM
                 
                 	.MACRO __GETB1HSX
                 	MOVW R30,R28
                 	SUBI R30,LOW(-@0)
                 	SBCI R31,HIGH(-@0)
                 	LD   R31,Z
                 	.ENDM
                 
                 	.MACRO __GETW1SX
                 	MOVW R30,R28
                 	SUBI R30,LOW(-@0)
                 	SBCI R31,HIGH(-@0)
                 	RCALL __GETW1Z
                 	.ENDM
                 
                 	.MACRO __GETD1SX
                 	MOVW R30,R28
                 	SUBI R30,LOW(-@0)
                 	SBCI R31,HIGH(-@0)
                 	RCALL __GETD1Z
                 	.ENDM
                 
                 	.MACRO __GETB2SX
                 	MOVW R26,R28
                 	SUBI R26,LOW(-@0)
                 	SBCI R27,HIGH(-@0)
                 	LD   R26,X
                 	.ENDM
                 
                 	.MACRO __GETW2SX
                 	MOVW R26,R28
                 	SUBI R26,LOW(-@0)
                 	SBCI R27,HIGH(-@0)
                 	RCALL __GETW2X
                 	.ENDM
                 
                 	.MACRO __GETD2SX
                 	MOVW R26,R28
                 	SUBI R26,LOW(-@0)
                 	SBCI R27,HIGH(-@0)
                 	RCALL __GETD2X
                 	.ENDM
                 
                 	.MACRO __GETBRSX
                 	MOVW R30,R28
                 	SUBI R30,LOW(-@1)
                 	SBCI R31,HIGH(-@1)
                 	LD   R@0,Z
                 	.ENDM
                 
                 	.MACRO __GETWRSX
                 	MOVW R30,R28
                 	SUBI R30,LOW(-@2)
                 	SBCI R31,HIGH(-@2)
                 	LD   R@0,Z+
                 	LD   R@1,Z
                 	.ENDM
                 
                 	.MACRO __GETBRSX2
                 	MOVW R26,R28
                 	SUBI R26,LOW(-@1)
                 	SBCI R27,HIGH(-@1)
                 	LD   R@0,X
                 	.ENDM
                 
                 	.MACRO __GETWRSX2
                 	MOVW R26,R28
                 	SUBI R26,LOW(-@2)
                 	SBCI R27,HIGH(-@2)
                 	LD   R@0,X+
                 	LD   R@1,X
                 	.ENDM
                 
                 	.MACRO __LSLW8SX
                 	MOVW R30,R28
                 	SUBI R30,LOW(-@0)
                 	SBCI R31,HIGH(-@0)
                 	LD   R31,Z
                 	CLR  R30
                 	.ENDM
                 
                 	.MACRO __PUTB1SX
                 	MOVW R26,R28
                 	SUBI R26,LOW(-@0)
                 	SBCI R27,HIGH(-@0)
                 	ST   X,R30
                 	.ENDM
                 
                 	.MACRO __PUTW1SX
                 	MOVW R26,R28
                 	SUBI R26,LOW(-@0)
                 	SBCI R27,HIGH(-@0)
                 	ST   X+,R30
                 	ST   X,R31
                 	.ENDM
                 
                 	.MACRO __PUTD1SX
                 	MOVW R26,R28
                 	SUBI R26,LOW(-@0)
                 	SBCI R27,HIGH(-@0)
                 	ST   X+,R30
                 	ST   X+,R31
                 	ST   X+,R22
                 	ST   X,R23
                 	.ENDM
                 
                 	.MACRO __CLRW1SX
                 	MOVW R26,R28
                 	SUBI R26,LOW(-@0)
                 	SBCI R27,HIGH(-@0)
                 	ST   X+,R30
                 	ST   X,R30
                 	.ENDM
                 
                 	.MACRO __CLRD1SX
                 	MOVW R26,R28
                 	SUBI R26,LOW(-@0)
                 	SBCI R27,HIGH(-@0)
                 	ST   X+,R30
                 	ST   X+,R30
                 	ST   X+,R30
                 	ST   X,R30
                 	.ENDM
                 
                 	.MACRO __PUTB2SX
                 	MOVW R30,R28
                 	SUBI R30,LOW(-@0)
                 	SBCI R31,HIGH(-@0)
                 	ST   Z,R26
                 	.ENDM
                 
                 	.MACRO __PUTW2SX
                 	MOVW R30,R28
                 	SUBI R30,LOW(-@0)
                 	SBCI R31,HIGH(-@0)
                 	ST   Z+,R26
                 	ST   Z,R27
                 	.ENDM
                 
                 	.MACRO __PUTD2SX
                 	MOVW R30,R28
                 	SUBI R30,LOW(-@0)
                 	SBCI R31,HIGH(-@0)
                 	ST   Z+,R26
                 	ST   Z+,R27
                 	ST   Z+,R24
                 	ST   Z,R25
                 	.ENDM
                 
                 	.MACRO __PUTBSRX
                 	MOVW R30,R28
                 	SUBI R30,LOW(-@1)
                 	SBCI R31,HIGH(-@1)
                 	ST   Z,R@0
                 	.ENDM
                 
                 	.MACRO __PUTWSRX
                 	MOVW R30,R28
                 	SUBI R30,LOW(-@2)
                 	SBCI R31,HIGH(-@2)
                 	ST   Z+,R@0
                 	ST   Z,R@1
                 	.ENDM
                 
                 	.MACRO __PUTB1SNX
                 	MOVW R26,R28
                 	SUBI R26,LOW(-@0)
                 	SBCI R27,HIGH(-@0)
                 	LD   R0,X+
                 	LD   R27,X
                 	MOV  R26,R0
                 	SUBI R26,LOW(-@1)
                 	SBCI R27,HIGH(-@1)
                 	ST   X,R30
                 	.ENDM
                 
                 	.MACRO __PUTW1SNX
                 	MOVW R26,R28
                 	SUBI R26,LOW(-@0)
                 	SBCI R27,HIGH(-@0)
                 	LD   R0,X+
                 	LD   R27,X
                 	MOV  R26,R0
                 	SUBI R26,LOW(-@1)
                 	SBCI R27,HIGH(-@1)
                 	ST   X+,R30
                 	ST   X,R31
                 	.ENDM
                 
                 	.MACRO __PUTD1SNX
                 	MOVW R26,R28
                 	SUBI R26,LOW(-@0)
                 	SBCI R27,HIGH(-@0)
                 	LD   R0,X+
                 	LD   R27,X
                 	MOV  R26,R0
                 	SUBI R26,LOW(-@1)
                 	SBCI R27,HIGH(-@1)
                 	ST   X+,R30
                 	ST   X+,R31
                 	ST   X+,R22
                 	ST   X,R23
                 	.ENDM
                 
                 	.MACRO __MULBRR
                 	MULS R@0,R@1
                 	MOVW R30,R0
                 	.ENDM
                 
                 	.MACRO __MULBRRU
                 	MUL  R@0,R@1
                 	MOVW R30,R0
                 	.ENDM
                 
                 	.MACRO __MULBRR0
                 	MULS R@0,R@1
                 	.ENDM
                 
                 	.MACRO __MULBRRU0
                 	MUL  R@0,R@1
                 	.ENDM
                 
                 	.MACRO __MULBNWRU
                 	LDI  R26,@2
                 	MUL  R26,R@0
                 	MOVW R30,R0
                 	MUL  R26,R@1
                 	ADD  R31,R0
                 	.ENDM
                 
                 ;NAME DEFINITIONS FOR GLOBAL VARIABLES ALLOCATED TO REGISTERS
                 	.DEF _i=R4
                 	.DEF _i_msb=R5
                 	.DEF _j=R6
                 	.DEF _j_msb=R7
                 
                 	.CSEG
                 	.ORG 0x00
                 
                 ;START OF CODE MARKER
                 __START_OF_CODE:
                 
                 ;INTERRUPT VECTORS
000000 c019      	RJMP __RESET
000001 cffe      	RJMP 0x00
000002 cffd      	RJMP 0x00
000003 cffc      	RJMP 0x00
000004 cffb      	RJMP 0x00
000005 cffa      	RJMP 0x00
000006 cff9      	RJMP 0x00
000007 cff8      	RJMP 0x00
000008 cff7      	RJMP 0x00
000009 cff6      	RJMP 0x00
00000a cff5      	RJMP 0x00
00000b cff4      	RJMP 0x00
00000c cff3      	RJMP 0x00
00000d cff2      	RJMP 0x00
00000e cff1      	RJMP 0x00
00000f cff0      	RJMP 0x00
000010 cfef      	RJMP 0x00
000011 cfee      	RJMP 0x00
000012 cfed      	RJMP 0x00
000013 cfec      	RJMP 0x00
000014 cfeb      	RJMP 0x00
                 
                 _array:
000015 0100
000016 0703
000017 1f0f
000018 7f3f      	.DB  0x0,0x1,0x3,0x7,0xF,0x1F,0x3F,0x7F
C:\ESCOM\Microcontroladores\Practica14\Debug\List\p14.asm(1451): warning: .cseg .db misalignment - padding zero byte
000019 00ff      	.DB  0xFF
                 
                 __RESET:
00001a 94f8      	CLI
00001b 27ee      	CLR  R30
00001c bbec      	OUT  EECR,R30
                 
                 ;INTERRUPT VECTORS ARE PLACED
                 ;AT THE START OF FLASH
00001d e0f1      	LDI  R31,1
00001e bffb      	OUT  GICR,R31
00001f bfeb      	OUT  GICR,R30
000020 bfe5      	OUT  MCUCR,R30
                 
                 ;CLEAR R2-R14
000021 e08d      	LDI  R24,(14-2)+1
000022 e0a2      	LDI  R26,2
000023 27bb      	CLR  R27
                 __CLEAR_REG:
000024 93ed      	ST   X+,R30
000025 958a      	DEC  R24
000026 f7e9      	BRNE __CLEAR_REG
                 
                 ;CLEAR SRAM
000027 e080      	LDI  R24,LOW(__CLEAR_SRAM_SIZE)
000028 e092      	LDI  R25,HIGH(__CLEAR_SRAM_SIZE)
000029 e6a0      	LDI  R26,__SRAM_START
                 __CLEAR_SRAM:
00002a 93ed      	ST   X+,R30
00002b 9701      	SBIW R24,1
00002c f7e9      	BRNE __CLEAR_SRAM
                 
                 ;HARDWARE STACK POINTER INITIALIZATION
00002d e5ef      	LDI  R30,LOW(__SRAM_END-__HEAP_SIZE)
00002e bfed      	OUT  SPL,R30
00002f e0e2      	LDI  R30,HIGH(__SRAM_END-__HEAP_SIZE)
000030 bfee      	OUT  SPH,R30
                 
                 ;DATA STACK POINTER INITIALIZATION
000031 eec0      	LDI  R28,LOW(__SRAM_START+__DSTACK_SIZE)
000032 e0d0      	LDI  R29,HIGH(__SRAM_START+__DSTACK_SIZE)
                 
000033 c00f      	RJMP _main
                 
                 	.ESEG
                 	.ORG 0x00
                 
                 	.DSEG
                 	.ORG 0xE0
                 
                 	.CSEG
                 	#ifndef __SLEEP_DEFINED__
                 	#define __SLEEP_DEFINED__
                 	.EQU __se_bit=0x40
                 	.EQU __sm_mask=0xB0
                 	.EQU __sm_powerdown=0x20
                 	.EQU __sm_powersave=0x30
                 	.EQU __sm_standby=0xA0
                 	.EQU __sm_ext_standby=0xB0
                 	.EQU __sm_adc_noise_red=0x10
                 	.SET power_ctrl_reg=mcucr
                 	#endif
                 ;unsigned char read_adc(unsigned char adc_input)
                 ; 0000 0025 {
                 
                 	.CSEG
                 _read_adc:
                 ; .FSTART _read_adc
                 ; 0000 0026 ADMUX=adc_input | ADC_VREF_TYPE;
000034 931a      	ST   -Y,R17
000035 2f1a      	MOV  R17,R26
                 ;	adc_input -> R17
000036 2fe1      	MOV  R30,R17
000037 66e0      	ORI  R30,LOW(0x60)
000038 b9e7      	OUT  0x7,R30
                 ; 0000 0027 // Delay needed for the stabilization of the ADC input voltage
                 ; 0000 0028 delay_us(10);
                +
000039 e083     +LDI R24 , LOW ( 3 )
                +__DELAY_USB_LOOP :
00003a 958a     +DEC R24
00003b f7f1     +BRNE __DELAY_USB_LOOP
                 	__DELAY_USB 3
                 ; 0000 0029 // Start the AD conversion
                 ; 0000 002A ADCSRA|=(1<<ADSC);
00003c 9a36      	SBI  0x6,6
                 ; 0000 002B // Wait for the AD conversion to complete
                 ; 0000 002C while ((ADCSRA & (1<<ADIF))==0);
                 _0x3:
00003d 9b34      	SBIS 0x6,4
00003e cffe      	RJMP _0x3
                 ; 0000 002D ADCSRA|=(1<<ADIF);
00003f 9a34      	SBI  0x6,4
                 ; 0000 002E return ADCH;
000040 b1e5      	IN   R30,0x5
000041 9119      	LD   R17,Y+
000042 9508      	RET
                 ; 0000 002F }
                 ; .FEND
                 ;void main(void)
                 ; 0000 0037 {
                 _main:
                 ; .FSTART _main
                 ; 0000 0038 // Declare your local variables here
                 ; 0000 0039 
                 ; 0000 003A // Input/Output Ports initialization
                 ; 0000 003B // Port A initialization
                 ; 0000 003C // Function: Bit7=In Bit6=In Bit5=In Bit4=In Bit3=In Bit2=In Bit1=In Bit0=In
                 ; 0000 003D DDRA=(0<<DDA7) | (0<<DDA6) | (0<<DDA5) | (0<<DDA4) | (0<<DDA3) | (0<<DDA2) | (0<<DDA1) | (0<<DDA0);
000043 e0e0      	LDI  R30,LOW(0)
000044 bbea      	OUT  0x1A,R30
                 ; 0000 003E // State: Bit7=T Bit6=T Bit5=T Bit4=T Bit3=T Bit2=T Bit1=T Bit0=T
                 ; 0000 003F PORTA=(0<<PORTA7) | (0<<PORTA6) | (0<<PORTA5) | (0<<PORTA4) | (0<<PORTA3) | (0<<PORTA2) | (0<<PORTA1) | (0<<PORTA0);
000045 bbeb      	OUT  0x1B,R30
                 ; 0000 0040 
                 ; 0000 0041 // Port B initialization
                 ; 0000 0042 // Function: Bit7=Out Bit6=Out Bit5=Out Bit4=Out Bit3=Out Bit2=Out Bit1=Out Bit0=Out
                 ; 0000 0043 DDRB=(1<<DDB7) | (1<<DDB6) | (1<<DDB5) | (1<<DDB4) | (1<<DDB3) | (1<<DDB2) | (1<<DDB1) | (1<<DDB0);
000046 efef      	LDI  R30,LOW(255)
000047 bbe7      	OUT  0x17,R30
                 ; 0000 0044 // State: Bit7=0 Bit6=0 Bit5=0 Bit4=0 Bit3=0 Bit2=0 Bit1=0 Bit0=0
                 ; 0000 0045 PORTB=(0<<PORTB7) | (0<<PORTB6) | (0<<PORTB5) | (0<<PORTB4) | (0<<PORTB3) | (0<<PORTB2) | (0<<PORTB1) | (0<<PORTB0);
000048 e0e0      	LDI  R30,LOW(0)
000049 bbe8      	OUT  0x18,R30
                 ; 0000 0046 
                 ; 0000 0047 // Port C initialization
                 ; 0000 0048 // Function: Bit7=In Bit6=In Bit5=In Bit4=In Bit3=In Bit2=In Bit1=In Bit0=In
                 ; 0000 0049 DDRC=(0<<DDC7) | (0<<DDC6) | (0<<DDC5) | (0<<DDC4) | (0<<DDC3) | (0<<DDC2) | (0<<DDC1) | (0<<DDC0);
00004a bbe4      	OUT  0x14,R30
                 ; 0000 004A // State: Bit7=P Bit6=P Bit5=P Bit4=P Bit3=P Bit2=P Bit1=P Bit0=P
                 ; 0000 004B PORTC=(1<<PORTC7) | (1<<PORTC6) | (1<<PORTC5) | (1<<PORTC4) | (1<<PORTC3) | (1<<PORTC2) | (1<<PORTC1) | (1<<PORTC0);
00004b efef      	LDI  R30,LOW(255)
00004c bbe5      	OUT  0x15,R30
                 ; 0000 004C 
                 ; 0000 004D // Port D initialization
                 ; 0000 004E // Function: Bit7=Out Bit6=Out Bit5=Out Bit4=Out Bit3=Out Bit2=Out Bit1=Out Bit0=Out
                 ; 0000 004F DDRD=(1<<DDD7) | (1<<DDD6) | (1<<DDD5) | (1<<DDD4) | (1<<DDD3) | (1<<DDD2) | (1<<DDD1) | (1<<DDD0);
00004d bbe1      	OUT  0x11,R30
                 ; 0000 0050 // State: Bit7=0 Bit6=0 Bit5=0 Bit4=0 Bit3=0 Bit2=0 Bit1=0 Bit0=0
                 ; 0000 0051 PORTD=(0<<PORTD7) | (0<<PORTD6) | (0<<PORTD5) | (0<<PORTD4) | (0<<PORTD3) | (0<<PORTD2) | (0<<PORTD1) | (0<<PORTD0);
00004e e0e0      	LDI  R30,LOW(0)
00004f bbe2      	OUT  0x12,R30
                 ; 0000 0052 
                 ; 0000 0053 // Timer/Counter 0 initialization
                 ; 0000 0054 // Clock source: System Clock
                 ; 0000 0055 // Clock value: Timer 0 Stopped
                 ; 0000 0056 // Mode: Normal top=0xFF
                 ; 0000 0057 // OC0 output: Disconnected
                 ; 0000 0058 TCCR0=(0<<WGM00) | (0<<COM01) | (0<<COM00) | (0<<WGM01) | (0<<CS02) | (0<<CS01) | (0<<CS00);
000050 bfe3      	OUT  0x33,R30
                 ; 0000 0059 TCNT0=0x00;
000051 bfe2      	OUT  0x32,R30
                 ; 0000 005A OCR0=0x00;
000052 bfec      	OUT  0x3C,R30
                 ; 0000 005B 
                 ; 0000 005C // Timer/Counter 1 initialization
                 ; 0000 005D // Clock source: System Clock
                 ; 0000 005E // Clock value: Timer1 Stopped
                 ; 0000 005F // Mode: Normal top=0xFFFF
                 ; 0000 0060 // OC1A output: Disconnected
                 ; 0000 0061 // OC1B output: Disconnected
                 ; 0000 0062 // Noise Canceler: Off
                 ; 0000 0063 // Input Capture on Falling Edge
                 ; 0000 0064 // Timer1 Overflow Interrupt: Off
                 ; 0000 0065 // Input Capture Interrupt: Off
                 ; 0000 0066 // Compare A Match Interrupt: Off
                 ; 0000 0067 // Compare B Match Interrupt: Off
                 ; 0000 0068 TCCR1A=(0<<COM1A1) | (0<<COM1A0) | (0<<COM1B1) | (0<<COM1B0) | (0<<WGM11) | (0<<WGM10);
000053 bdef      	OUT  0x2F,R30
                 ; 0000 0069 TCCR1B=(0<<ICNC1) | (0<<ICES1) | (0<<WGM13) | (0<<WGM12) | (0<<CS12) | (0<<CS11) | (0<<CS10);
000054 bdee      	OUT  0x2E,R30
                 ; 0000 006A TCNT1H=0x00;
000055 bded      	OUT  0x2D,R30
                 ; 0000 006B TCNT1L=0x00;
000056 bdec      	OUT  0x2C,R30
                 ; 0000 006C ICR1H=0x00;
000057 bde7      	OUT  0x27,R30
                 ; 0000 006D ICR1L=0x00;
000058 bde6      	OUT  0x26,R30
                 ; 0000 006E OCR1AH=0x00;
000059 bdeb      	OUT  0x2B,R30
                 ; 0000 006F OCR1AL=0x00;
00005a bdea      	OUT  0x2A,R30
                 ; 0000 0070 OCR1BH=0x00;
00005b bde9      	OUT  0x29,R30
                 ; 0000 0071 OCR1BL=0x00;
00005c bde8      	OUT  0x28,R30
                 ; 0000 0072 
                 ; 0000 0073 // Timer/Counter 2 initialization
                 ; 0000 0074 // Clock source: System Clock
                 ; 0000 0075 // Clock value: Timer2 Stopped
                 ; 0000 0076 // Mode: Normal top=0xFF
                 ; 0000 0077 // OC2 output: Disconnected
                 ; 0000 0078 ASSR=0<<AS2;
00005d bde2      	OUT  0x22,R30
                 ; 0000 0079 TCCR2=(0<<WGM20) | (0<<COM21) | (0<<COM20) | (0<<WGM21) | (0<<CS22) | (0<<CS21) | (0<<CS20);
00005e bde5      	OUT  0x25,R30
                 ; 0000 007A TCNT2=0x00;
00005f bde4      	OUT  0x24,R30
                 ; 0000 007B OCR2=0x00;
000060 bde3      	OUT  0x23,R30
                 ; 0000 007C 
                 ; 0000 007D // Timer(s)/Counter(s) Interrupt(s) initialization
                 ; 0000 007E TIMSK=(0<<OCIE2) | (0<<TOIE2) | (0<<TICIE1) | (0<<OCIE1A) | (0<<OCIE1B) | (0<<TOIE1) | (0<<OCIE0) | (0<<TOIE0);
000061 bfe9      	OUT  0x39,R30
                 ; 0000 007F 
                 ; 0000 0080 // External Interrupt(s) initialization
                 ; 0000 0081 // INT0: Off
                 ; 0000 0082 // INT1: Off
                 ; 0000 0083 // INT2: Off
                 ; 0000 0084 MCUCR=(0<<ISC11) | (0<<ISC10) | (0<<ISC01) | (0<<ISC00);
000062 bfe5      	OUT  0x35,R30
                 ; 0000 0085 MCUCSR=(0<<ISC2);
000063 bfe4      	OUT  0x34,R30
                 ; 0000 0086 
                 ; 0000 0087 // USART initialization
                 ; 0000 0088 // USART disabled
                 ; 0000 0089 UCSRB=(0<<RXCIE) | (0<<TXCIE) | (0<<UDRIE) | (0<<RXEN) | (0<<TXEN) | (0<<UCSZ2) | (0<<RXB8) | (0<<TXB8);
000064 b9ea      	OUT  0xA,R30
                 ; 0000 008A 
                 ; 0000 008B // Analog Comparator initialization
                 ; 0000 008C // Analog Comparator: Off
                 ; 0000 008D // The Analog Comparator's positive input is
                 ; 0000 008E // connected to the AIN0 pin
                 ; 0000 008F // The Analog Comparator's negative input is
                 ; 0000 0090 // connected to the AIN1 pin
                 ; 0000 0091 ACSR=(1<<ACD) | (0<<ACBG) | (0<<ACO) | (0<<ACI) | (0<<ACIE) | (0<<ACIC) | (0<<ACIS1) | (0<<ACIS0);
000065 e8e0      	LDI  R30,LOW(128)
000066 b9e8      	OUT  0x8,R30
                 ; 0000 0092 
                 ; 0000 0093 // ADC initialization
                 ; 0000 0094 // ADC Clock frequency: 500.000 kHz
                 ; 0000 0095 // ADC Voltage Reference: AVCC pin
                 ; 0000 0096 // ADC High Speed Mode: Off
                 ; 0000 0097 // ADC Auto Trigger Source: ADC Stopped
                 ; 0000 0098 // Only the 8 most significant bits of
                 ; 0000 0099 // the AD conversion result are used
                 ; 0000 009A ADMUX=ADC_VREF_TYPE;
000067 e6e0      	LDI  R30,LOW(96)
000068 b9e7      	OUT  0x7,R30
                 ; 0000 009B ADCSRA=(1<<ADEN) | (0<<ADSC) | (0<<ADATE) | (0<<ADIF) | (0<<ADIE) | (0<<ADPS2) | (0<<ADPS1) | (1<<ADPS0);
000069 e8e1      	LDI  R30,LOW(129)
00006a b9e6      	OUT  0x6,R30
                 ; 0000 009C SFIOR=(1<<ADHSM) | (0<<ADTS2) | (0<<ADTS1) | (0<<ADTS0);
00006b e1e0      	LDI  R30,LOW(16)
00006c bfe0      	OUT  0x30,R30
                 ; 0000 009D 
                 ; 0000 009E // SPI initialization
                 ; 0000 009F // SPI disabled
                 ; 0000 00A0 SPCR=(0<<SPIE) | (0<<SPE) | (0<<DORD) | (0<<MSTR) | (0<<CPOL) | (0<<CPHA) | (0<<SPR1) | (0<<SPR0);
00006d e0e0      	LDI  R30,LOW(0)
00006e b9ed      	OUT  0xD,R30
                 ; 0000 00A1 
                 ; 0000 00A2 // TWI initialization
                 ; 0000 00A3 // TWI disabled
                 ; 0000 00A4 TWCR=(0<<TWEA) | (0<<TWSTA) | (0<<TWSTO) | (0<<TWEN) | (0<<TWIE);
00006f bfe6      	OUT  0x36,R30
                 ; 0000 00A5 
                 ; 0000 00A6 while (1)
                 _0x6:
                 ; 0000 00A7 {
                 ; 0000 00A8 if(!barra){ //Modo barra
000070 9998      	SBIC 0x13,0
000071 c002      	RJMP _0x9
                 ; 0000 00A9 //Lectura datos
                 ; 0000 00AA i = read_adc(0);
000072 d0e8      	RCALL SUBOPT_0x0
                 ; 0000 00AB j = read_adc(1);
                 ; 0000 00AC 
                 ; 0000 00AD PORTB=array[i/32];
                 ; 0000 00AE PORTD=array[j/32];
                 ; 0000 00AF }
                 ; 0000 00B0 else if(!hold){ //Modo hold
000073 c0e5      	RJMP _0xA
                 _0x9:
000074 9999      	SBIC 0x13,1
000075 c005      	RJMP _0xB
                 ; 0000 00B1 //Lectura datos
                 ; 0000 00B2 i = read_adc(0);
000076 d0e4      	RCALL SUBOPT_0x0
                 ; 0000 00B3 j = read_adc(1);
                 ; 0000 00B4 
                 ; 0000 00B5 PORTB=array[i/32];
                 ; 0000 00B6 PORTD=array[j/32];
                 ; 0000 00B7 delay_ms(150);  //Mantiene el dato
000077 e9a6      	LDI  R26,LOW(150)
000078 e0b0      	LDI  R27,0
000079 d15b      	RCALL _delay_ms
                 ; 0000 00B8 }
                 ; 0000 00B9 else if(!punto){    //Modo punto
00007a c0de      	RJMP _0xC
                 _0xB:
00007b 999a      	SBIC 0x13,2
00007c c0d9      	RJMP _0xD
                 ; 0000 00BA //Lectura datos
                 ; 0000 00BB i = read_adc(0);
00007d e0a0      	LDI  R26,LOW(0)
00007e dfb5      	RCALL _read_adc
00007f 2e4e      	MOV  R4,R30
000080 2455      	CLR  R5
                 ; 0000 00BC j = read_adc(1);
000081 e0a1      	LDI  R26,LOW(1)
000082 dfb1      	RCALL _read_adc
000083 2e6e      	MOV  R6,R30
000084 2477      	CLR  R7
                 ; 0000 00BD 
                 ; 0000 00BE //Pin A a Port B
                 ; 0000 00BF if(i>0 && i<32){
000085 2400      	CLR  R0
000086 1404      	CP   R0,R4
000087 0405      	CPC  R0,R5
000088 f41c      	BRGE _0xF
000089 d0ea      	RCALL SUBOPT_0x1
00008a d0ec      	RCALL SUBOPT_0x2
00008b f00c      	BRLT _0x10
                 _0xF:
00008c c004      	RJMP _0xE
                 _0x10:
                 ; 0000 00C0 PORTB.0 = 1;
00008d 9ac0      	SBI  0x18,0
                 ; 0000 00C1 PORTB.1 = 0;
00008e d0eb      	RCALL SUBOPT_0x3
                 ; 0000 00C2 PORTB.2 = 0;
                 ; 0000 00C3 PORTB.3 = 0;
00008f d0ed      	RCALL SUBOPT_0x4
                 ; 0000 00C4 PORTB.4 = 0;
                 ; 0000 00C5 PORTB.5 = 0;
                 ; 0000 00C6 PORTB.6 = 0;
                 ; 0000 00C7 PORTB.7 = 0;
                 ; 0000 00C8 }
                 ; 0000 00C9 else if(i>32 && i<64){
000090 c05c      	RJMP _0x21
                 _0xE:
000091 d0e2      	RCALL SUBOPT_0x1
000092 d0f0      	RCALL SUBOPT_0x5
000093 f41c      	BRGE _0x23
000094 d0f1      	RCALL SUBOPT_0x6
000095 d0e1      	RCALL SUBOPT_0x2
000096 f00c      	BRLT _0x24
                 _0x23:
000097 c005      	RJMP _0x22
                 _0x24:
                 ; 0000 00CA PORTB.0 = 0;
000098 98c0      	CBI  0x18,0
                 ; 0000 00CB PORTB.1 = 1;
000099 9ac1      	SBI  0x18,1
                 ; 0000 00CC PORTB.2 = 0;
00009a 98c2      	CBI  0x18,2
                 ; 0000 00CD PORTB.3 = 0;
00009b d0e1      	RCALL SUBOPT_0x4
                 ; 0000 00CE PORTB.4 = 0;
                 ; 0000 00CF PORTB.5 = 0;
                 ; 0000 00D0 PORTB.6 = 0;
                 ; 0000 00D1 PORTB.7 = 0;
                 ; 0000 00D2 }
                 ; 0000 00D3 else if(i>64 && i<96){
00009c c050      	RJMP _0x35
                 _0x22:
00009d d0e8      	RCALL SUBOPT_0x6
00009e d0e4      	RCALL SUBOPT_0x5
00009f f41c      	BRGE _0x37
0000a0 d0e8      	RCALL SUBOPT_0x7
0000a1 d0d5      	RCALL SUBOPT_0x2
0000a2 f00c      	BRLT _0x38
                 _0x37:
0000a3 c005      	RJMP _0x36
                 _0x38:
                 ; 0000 00D4 PORTB.0 = 0;
0000a4 98c0      	CBI  0x18,0
                 ; 0000 00D5 PORTB.1 = 0;
0000a5 98c1      	CBI  0x18,1
                 ; 0000 00D6 PORTB.2 = 1;
0000a6 9ac2      	SBI  0x18,2
                 ; 0000 00D7 PORTB.3 = 0;
0000a7 d0d5      	RCALL SUBOPT_0x4
                 ; 0000 00D8 PORTB.4 = 0;
                 ; 0000 00D9 PORTB.5 = 0;
                 ; 0000 00DA PORTB.6 = 0;
                 ; 0000 00DB PORTB.7 = 0;
                 ; 0000 00DC }
                 ; 0000 00DD else if(i>96 && i<126){
0000a8 c044      	RJMP _0x49
                 _0x36:
0000a9 d0df      	RCALL SUBOPT_0x7
0000aa d0d8      	RCALL SUBOPT_0x5
0000ab f41c      	BRGE _0x4B
0000ac d0df      	RCALL SUBOPT_0x8
0000ad d0c9      	RCALL SUBOPT_0x2
0000ae f00c      	BRLT _0x4C
                 _0x4B:
0000af c007      	RJMP _0x4A
                 _0x4C:
                 ; 0000 00DE PORTB.0 = 0;
0000b0 d0de      	RCALL SUBOPT_0x9
                 ; 0000 00DF PORTB.1 = 0;
                 ; 0000 00E0 PORTB.2 = 0;
                 ; 0000 00E1 PORTB.3 = 1;
0000b1 9ac3      	SBI  0x18,3
                 ; 0000 00E2 PORTB.4 = 0;
0000b2 98c4      	CBI  0x18,4
                 ; 0000 00E3 PORTB.5 = 0;
0000b3 98c5      	CBI  0x18,5
                 ; 0000 00E4 PORTB.6 = 0;
0000b4 98c6      	CBI  0x18,6
                 ; 0000 00E5 PORTB.7 = 0;
0000b5 98c7      	CBI  0x18,7
                 ; 0000 00E6 }
                 ; 0000 00E7 else if(i>126 && i<160){
0000b6 c036      	RJMP _0x5D
                 _0x4A:
0000b7 d0d4      	RCALL SUBOPT_0x8
0000b8 d0ca      	RCALL SUBOPT_0x5
0000b9 f41c      	BRGE _0x5F
0000ba d0d6      	RCALL SUBOPT_0xA
0000bb d0bb      	RCALL SUBOPT_0x2
0000bc f00c      	BRLT _0x60
                 _0x5F:
0000bd c007      	RJMP _0x5E
                 _0x60:
                 ; 0000 00E8 PORTB.0 = 0;
0000be d0d0      	RCALL SUBOPT_0x9
                 ; 0000 00E9 PORTB.1 = 0;
                 ; 0000 00EA PORTB.2 = 0;
                 ; 0000 00EB PORTB.3 = 0;
0000bf 98c3      	CBI  0x18,3
                 ; 0000 00EC PORTB.4 = 1;
0000c0 9ac4      	SBI  0x18,4
                 ; 0000 00ED PORTB.5 = 0;
0000c1 98c5      	CBI  0x18,5
                 ; 0000 00EE PORTB.6 = 0;
0000c2 98c6      	CBI  0x18,6
                 ; 0000 00EF PORTB.7 = 0;
0000c3 98c7      	CBI  0x18,7
                 ; 0000 00F0 }
                 ; 0000 00F1 else if(i>160 && i<192){
0000c4 c028      	RJMP _0x71
                 _0x5E:
0000c5 d0cb      	RCALL SUBOPT_0xA
0000c6 d0bc      	RCALL SUBOPT_0x5
0000c7 f41c      	BRGE _0x73
0000c8 d0cb      	RCALL SUBOPT_0xB
0000c9 d0ad      	RCALL SUBOPT_0x2
0000ca f00c      	BRLT _0x74
                 _0x73:
0000cb c007      	RJMP _0x72
                 _0x74:
                 ; 0000 00F2 PORTB.0 = 0;
0000cc d0c2      	RCALL SUBOPT_0x9
                 ; 0000 00F3 PORTB.1 = 0;
                 ; 0000 00F4 PORTB.2 = 0;
                 ; 0000 00F5 PORTB.3 = 0;
0000cd 98c3      	CBI  0x18,3
                 ; 0000 00F6 PORTB.4 = 0;
0000ce 98c4      	CBI  0x18,4
                 ; 0000 00F7 PORTB.5 = 1;
0000cf 9ac5      	SBI  0x18,5
                 ; 0000 00F8 PORTB.6 = 0;
0000d0 98c6      	CBI  0x18,6
                 ; 0000 00F9 PORTB.7 = 0;
0000d1 98c7      	CBI  0x18,7
                 ; 0000 00FA }
                 ; 0000 00FB else if(i>192 && i<224){
0000d2 c01a      	RJMP _0x85
                 _0x72:
0000d3 d0c0      	RCALL SUBOPT_0xB
0000d4 d0ae      	RCALL SUBOPT_0x5
0000d5 f41c      	BRGE _0x87
0000d6 d0c0      	RCALL SUBOPT_0xC
0000d7 d09f      	RCALL SUBOPT_0x2
0000d8 f00c      	BRLT _0x88
                 _0x87:
0000d9 c007      	RJMP _0x86
                 _0x88:
                 ; 0000 00FC PORTB.0 = 0;
0000da d0b4      	RCALL SUBOPT_0x9
                 ; 0000 00FD PORTB.1 = 0;
                 ; 0000 00FE PORTB.2 = 0;
                 ; 0000 00FF PORTB.3 = 0;
0000db 98c3      	CBI  0x18,3
                 ; 0000 0100 PORTB.4 = 0;
0000dc 98c4      	CBI  0x18,4
                 ; 0000 0101 PORTB.5 = 0;
0000dd 98c5      	CBI  0x18,5
                 ; 0000 0102 PORTB.6 = 1;
0000de 9ac6      	SBI  0x18,6
                 ; 0000 0103 PORTB.7 = 0;
0000df 98c7      	CBI  0x18,7
                 ; 0000 0104 }
                 ; 0000 0105 else if(i>224){
0000e0 c00c      	RJMP _0x99
                 _0x86:
0000e1 d0b5      	RCALL SUBOPT_0xC
0000e2 d0a0      	RCALL SUBOPT_0x5
0000e3 f43c      	BRGE _0x9A
                 ; 0000 0106 PORTB.0 = 0;
0000e4 d0aa      	RCALL SUBOPT_0x9
                 ; 0000 0107 PORTB.1 = 0;
                 ; 0000 0108 PORTB.2 = 0;
                 ; 0000 0109 PORTB.3 = 0;
0000e5 98c3      	CBI  0x18,3
                 ; 0000 010A PORTB.4 = 0;
0000e6 98c4      	CBI  0x18,4
                 ; 0000 010B PORTB.5 = 0;
0000e7 98c5      	CBI  0x18,5
                 ; 0000 010C PORTB.6 = 0;
0000e8 98c6      	CBI  0x18,6
                 ; 0000 010D PORTB.7 = 1;
0000e9 9ac7      	SBI  0x18,7
                 ; 0000 010E }
                 ; 0000 010F else{
0000ea c002      	RJMP _0xAB
                 _0x9A:
                 ; 0000 0110 PORTB = 0x00;
0000eb e0e0      	LDI  R30,LOW(0)
0000ec bbe8      	OUT  0x18,R30
                 ; 0000 0111 }
                 _0xAB:
                 _0x99:
                 _0x85:
                 _0x71:
                 _0x5D:
                 _0x49:
                 _0x35:
                 _0x21:
                 ; 0000 0112 
                 ; 0000 0113 //Pin A a Port D
                 ; 0000 0114 if(j>0 && j<32){
0000ed 2400      	CLR  R0
0000ee 1406      	CP   R0,R6
0000ef 0407      	CPC  R0,R7
0000f0 f41c      	BRGE _0xAD
0000f1 d082      	RCALL SUBOPT_0x1
0000f2 d0a7      	RCALL SUBOPT_0xD
0000f3 f00c      	BRLT _0xAE
                 _0xAD:
0000f4 c004      	RJMP _0xAC
                 _0xAE:
                 ; 0000 0115 PORTD.0 = 1;
0000f5 9a90      	SBI  0x12,0
                 ; 0000 0116 PORTD.1 = 0;
0000f6 d0a6      	RCALL SUBOPT_0xE
                 ; 0000 0117 PORTD.2 = 0;
                 ; 0000 0118 PORTD.3 = 0;
0000f7 d0a8      	RCALL SUBOPT_0xF
                 ; 0000 0119 PORTD.4 = 0;
                 ; 0000 011A PORTD.5 = 0;
                 ; 0000 011B PORTD.6 = 0;
                 ; 0000 011C PORTD.7 = 0;
                 ; 0000 011D }
                 ; 0000 011E else if(j>32 && j<64){
0000f8 c05c      	RJMP _0xBF
                 _0xAC:
0000f9 d07a      	RCALL SUBOPT_0x1
0000fa d0ab      	RCALL SUBOPT_0x10
0000fb f41c      	BRGE _0xC1
0000fc d089      	RCALL SUBOPT_0x6
0000fd d09c      	RCALL SUBOPT_0xD
0000fe f00c      	BRLT _0xC2
                 _0xC1:
0000ff c005      	RJMP _0xC0
                 _0xC2:
                 ; 0000 011F PORTD.0 = 0;
000100 9890      	CBI  0x12,0
                 ; 0000 0120 PORTD.1 = 1;
000101 9a91      	SBI  0x12,1
                 ; 0000 0121 PORTD.2 = 0;
000102 9892      	CBI  0x12,2
                 ; 0000 0122 PORTD.3 = 0;
000103 d09c      	RCALL SUBOPT_0xF
                 ; 0000 0123 PORTD.4 = 0;
                 ; 0000 0124 PORTD.5 = 0;
                 ; 0000 0125 PORTD.6 = 0;
                 ; 0000 0126 PORTD.7 = 0;
                 ; 0000 0127 }
                 ; 0000 0128 else if(j>64 && j<96){
000104 c050      	RJMP _0xD3
                 _0xC0:
000105 d080      	RCALL SUBOPT_0x6
000106 d09f      	RCALL SUBOPT_0x10
000107 f41c      	BRGE _0xD5
000108 d080      	RCALL SUBOPT_0x7
000109 d090      	RCALL SUBOPT_0xD
00010a f00c      	BRLT _0xD6
                 _0xD5:
00010b c005      	RJMP _0xD4
                 _0xD6:
                 ; 0000 0129 PORTD.0 = 0;
00010c 9890      	CBI  0x12,0
                 ; 0000 012A PORTD.1 = 0;
00010d 9891      	CBI  0x12,1
                 ; 0000 012B PORTD.2 = 1;
00010e 9a92      	SBI  0x12,2
                 ; 0000 012C PORTD.3 = 0;
00010f d090      	RCALL SUBOPT_0xF
                 ; 0000 012D PORTD.4 = 0;
                 ; 0000 012E PORTD.5 = 0;
                 ; 0000 012F PORTD.6 = 0;
                 ; 0000 0130 PORTD.7 = 0;
                 ; 0000 0131 }
                 ; 0000 0132 else if(j>96 && j<126){
000110 c044      	RJMP _0xE7
                 _0xD4:
000111 d077      	RCALL SUBOPT_0x7
000112 d093      	RCALL SUBOPT_0x10
000113 f41c      	BRGE _0xE9
000114 d077      	RCALL SUBOPT_0x8
000115 d084      	RCALL SUBOPT_0xD
000116 f00c      	BRLT _0xEA
                 _0xE9:
000117 c007      	RJMP _0xE8
                 _0xEA:
                 ; 0000 0133 PORTD.0 = 0;
000118 d090      	RCALL SUBOPT_0x11
                 ; 0000 0134 PORTD.1 = 0;
                 ; 0000 0135 PORTD.2 = 0;
                 ; 0000 0136 PORTD.3 = 1;
000119 9a93      	SBI  0x12,3
                 ; 0000 0137 PORTD.4 = 0;
00011a 9894      	CBI  0x12,4
                 ; 0000 0138 PORTD.5 = 0;
00011b 9895      	CBI  0x12,5
                 ; 0000 0139 PORTD.6 = 0;
00011c 9896      	CBI  0x12,6
                 ; 0000 013A PORTD.7 = 0;
00011d 9897      	CBI  0x12,7
                 ; 0000 013B }
                 ; 0000 013C else if(j>126 && j<160){
00011e c036      	RJMP _0xFB
                 _0xE8:
00011f d06c      	RCALL SUBOPT_0x8
000120 d085      	RCALL SUBOPT_0x10
000121 f41c      	BRGE _0xFD
000122 d06e      	RCALL SUBOPT_0xA
000123 d076      	RCALL SUBOPT_0xD
000124 f00c      	BRLT _0xFE
                 _0xFD:
000125 c007      	RJMP _0xFC
                 _0xFE:
                 ; 0000 013D PORTD.0 = 0;
000126 d082      	RCALL SUBOPT_0x11
                 ; 0000 013E PORTD.1 = 0;
                 ; 0000 013F PORTD.2 = 0;
                 ; 0000 0140 PORTD.3 = 0;
000127 9893      	CBI  0x12,3
                 ; 0000 0141 PORTD.4 = 1;
000128 9a94      	SBI  0x12,4
                 ; 0000 0142 PORTD.5 = 0;
000129 9895      	CBI  0x12,5
                 ; 0000 0143 PORTD.6 = 0;
00012a 9896      	CBI  0x12,6
                 ; 0000 0144 PORTD.7 = 0;
00012b 9897      	CBI  0x12,7
                 ; 0000 0145 }
                 ; 0000 0146 else if(j>160 && j<192){
00012c c028      	RJMP _0x10F
                 _0xFC:
00012d d063      	RCALL SUBOPT_0xA
00012e d077      	RCALL SUBOPT_0x10
00012f f41c      	BRGE _0x111
000130 d063      	RCALL SUBOPT_0xB
000131 d068      	RCALL SUBOPT_0xD
000132 f00c      	BRLT _0x112
                 _0x111:
000133 c007      	RJMP _0x110
                 _0x112:
                 ; 0000 0147 PORTD.0 = 0;
000134 d074      	RCALL SUBOPT_0x11
                 ; 0000 0148 PORTD.1 = 0;
                 ; 0000 0149 PORTD.2 = 0;
                 ; 0000 014A PORTD.3 = 0;
000135 9893      	CBI  0x12,3
                 ; 0000 014B PORTD.4 = 0;
000136 9894      	CBI  0x12,4
                 ; 0000 014C PORTD.5 = 1;
000137 9a95      	SBI  0x12,5
                 ; 0000 014D PORTD.6 = 0;
000138 9896      	CBI  0x12,6
                 ; 0000 014E PORTD.7 = 0;
000139 9897      	CBI  0x12,7
                 ; 0000 014F }
                 ; 0000 0150 else if(j>192 && j<224){
00013a c01a      	RJMP _0x123
                 _0x110:
00013b d058      	RCALL SUBOPT_0xB
00013c d069      	RCALL SUBOPT_0x10
00013d f41c      	BRGE _0x125
00013e d058      	RCALL SUBOPT_0xC
00013f d05a      	RCALL SUBOPT_0xD
000140 f00c      	BRLT _0x126
                 _0x125:
000141 c007      	RJMP _0x124
                 _0x126:
                 ; 0000 0151 PORTD.0 = 0;
000142 d066      	RCALL SUBOPT_0x11
                 ; 0000 0152 PORTD.1 = 0;
                 ; 0000 0153 PORTD.2 = 0;
                 ; 0000 0154 PORTD.3 = 0;
000143 9893      	CBI  0x12,3
                 ; 0000 0155 PORTD.4 = 0;
000144 9894      	CBI  0x12,4
                 ; 0000 0156 PORTD.5 = 0;
000145 9895      	CBI  0x12,5
                 ; 0000 0157 PORTD.6 = 1;
000146 9a96      	SBI  0x12,6
                 ; 0000 0158 PORTD.7 = 0;
000147 9897      	CBI  0x12,7
                 ; 0000 0159 }
                 ; 0000 015A else if(j>224){
000148 c00c      	RJMP _0x137
                 _0x124:
000149 d04d      	RCALL SUBOPT_0xC
00014a d05b      	RCALL SUBOPT_0x10
00014b f43c      	BRGE _0x138
                 ; 0000 015B PORTD.0 = 0;
00014c d05c      	RCALL SUBOPT_0x11
                 ; 0000 015C PORTD.1 = 0;
                 ; 0000 015D PORTD.2 = 0;
                 ; 0000 015E PORTD.3 = 0;
00014d 9893      	CBI  0x12,3
                 ; 0000 015F PORTD.4 = 0;
00014e 9894      	CBI  0x12,4
                 ; 0000 0160 PORTD.5 = 0;
00014f 9895      	CBI  0x12,5
                 ; 0000 0161 PORTD.6 = 0;
000150 9896      	CBI  0x12,6
                 ; 0000 0162 PORTD.7 = 1;
000151 9a97      	SBI  0x12,7
                 ; 0000 0163 }
                 ; 0000 0164 else{
000152 c002      	RJMP _0x149
                 _0x138:
                 ; 0000 0165 PORTD = 0x00;
000153 e0e0      	LDI  R30,LOW(0)
000154 bbe2      	OUT  0x12,R30
                 ; 0000 0166 }
                 _0x149:
                 _0x137:
                 _0x123:
                 _0x10F:
                 _0xFB:
                 _0xE7:
                 _0xD3:
                 _0xBF:
                 ; 0000 0167 }
                 ; 0000 0168 else{   //No se seleccion ningun modo
000155 c003      	RJMP _0x14A
                 _0xD:
                 ; 0000 0169 PORTB = 0x00;
000156 e0e0      	LDI  R30,LOW(0)
000157 bbe8      	OUT  0x18,R30
                 ; 0000 016A PORTD = 0x00;
000158 bbe2      	OUT  0x12,R30
                 ; 0000 016B }
                 _0x14A:
                 _0xC:
                 _0xA:
                 ; 0000 016C }
000159 cf16      	RJMP _0x6
                 ; 0000 016D }
                 _0x14B:
00015a cfff      	RJMP _0x14B
                 ; .FEND
                 
                 	.CSEG
                 ;OPTIMIZER ADDED SUBROUTINE, CALLED 2 TIMES, CODE SIZE REDUCTION:21 WORDS
                 SUBOPT_0x0:
00015b e0a0      	LDI  R26,LOW(0)
00015c ded7      	RCALL _read_adc
00015d 2e4e      	MOV  R4,R30
00015e 2455      	CLR  R5
00015f e0a1      	LDI  R26,LOW(1)
000160 ded3      	RCALL _read_adc
000161 2e6e      	MOV  R6,R30
000162 2477      	CLR  R7
000163 01d2      	MOVW R26,R4
000164 e2e0      	LDI  R30,LOW(32)
000165 e0f0      	LDI  R31,HIGH(32)
000166 d05b      	RCALL __DIVW21
000167 5de6      	SUBI R30,LOW(-_array*2)
000168 4fff      	SBCI R31,HIGH(-_array*2)
000169 9004      	LPM  R0,Z
00016a ba08      	OUT  0x18,R0
00016b 01d3      	MOVW R26,R6
00016c e2e0      	LDI  R30,LOW(32)
00016d e0f0      	LDI  R31,HIGH(32)
00016e d053      	RCALL __DIVW21
00016f 5de6      	SUBI R30,LOW(-_array*2)
000170 4fff      	SBCI R31,HIGH(-_array*2)
000171 9004      	LPM  R0,Z
000172 ba02      	OUT  0x12,R0
000173 9508      	RET
                 
                 ;OPTIMIZER ADDED SUBROUTINE, CALLED 4 TIMES, CODE SIZE REDUCTION:1 WORDS
                 SUBOPT_0x1:
000174 e2e0      	LDI  R30,LOW(32)
000175 e0f0      	LDI  R31,HIGH(32)
000176 9508      	RET
                 
                 ;OPTIMIZER ADDED SUBROUTINE, CALLED 7 TIMES, CODE SIZE REDUCTION:4 WORDS
                 SUBOPT_0x2:
000177 164e      	CP   R4,R30
000178 065f      	CPC  R5,R31
000179 9508      	RET
                 
                 ;OPTIMIZER ADDED SUBROUTINE, CALLED 6 TIMES, CODE SIZE REDUCTION:3 WORDS
                 SUBOPT_0x3:
00017a 98c1      	CBI  0x18,1
00017b 98c2      	CBI  0x18,2
00017c 9508      	RET
                 
                 ;OPTIMIZER ADDED SUBROUTINE, CALLED 3 TIMES, CODE SIZE REDUCTION:6 WORDS
                 SUBOPT_0x4:
00017d 98c3      	CBI  0x18,3
00017e 98c4      	CBI  0x18,4
00017f 98c5      	CBI  0x18,5
000180 98c6      	CBI  0x18,6
000181 98c7      	CBI  0x18,7
000182 9508      	RET
                 
                 ;OPTIMIZER ADDED SUBROUTINE, CALLED 7 TIMES, CODE SIZE REDUCTION:4 WORDS
                 SUBOPT_0x5:
000183 15e4      	CP   R30,R4
000184 05f5      	CPC  R31,R5
000185 9508      	RET
                 
                 ;OPTIMIZER ADDED SUBROUTINE, CALLED 4 TIMES, CODE SIZE REDUCTION:1 WORDS
                 SUBOPT_0x6:
000186 e4e0      	LDI  R30,LOW(64)
000187 e0f0      	LDI  R31,HIGH(64)
000188 9508      	RET
                 
                 ;OPTIMIZER ADDED SUBROUTINE, CALLED 4 TIMES, CODE SIZE REDUCTION:1 WORDS
                 SUBOPT_0x7:
000189 e6e0      	LDI  R30,LOW(96)
00018a e0f0      	LDI  R31,HIGH(96)
00018b 9508      	RET
                 
                 ;OPTIMIZER ADDED SUBROUTINE, CALLED 4 TIMES, CODE SIZE REDUCTION:1 WORDS
                 SUBOPT_0x8:
00018c e7ee      	LDI  R30,LOW(126)
00018d e0f0      	LDI  R31,HIGH(126)
00018e 9508      	RET
                 
                 ;OPTIMIZER ADDED SUBROUTINE, CALLED 5 TIMES, CODE SIZE REDUCTION:2 WORDS
                 SUBOPT_0x9:
00018f 98c0      	CBI  0x18,0
000190 cfe9      	RJMP SUBOPT_0x3
                 
                 ;OPTIMIZER ADDED SUBROUTINE, CALLED 4 TIMES, CODE SIZE REDUCTION:1 WORDS
                 SUBOPT_0xA:
000191 eae0      	LDI  R30,LOW(160)
000192 e0f0      	LDI  R31,HIGH(160)
000193 9508      	RET
                 
                 ;OPTIMIZER ADDED SUBROUTINE, CALLED 4 TIMES, CODE SIZE REDUCTION:1 WORDS
                 SUBOPT_0xB:
000194 ece0      	LDI  R30,LOW(192)
000195 e0f0      	LDI  R31,HIGH(192)
000196 9508      	RET
                 
                 ;OPTIMIZER ADDED SUBROUTINE, CALLED 4 TIMES, CODE SIZE REDUCTION:1 WORDS
                 SUBOPT_0xC:
000197 eee0      	LDI  R30,LOW(224)
000198 e0f0      	LDI  R31,HIGH(224)
000199 9508      	RET
                 
                 ;OPTIMIZER ADDED SUBROUTINE, CALLED 7 TIMES, CODE SIZE REDUCTION:4 WORDS
                 SUBOPT_0xD:
00019a 166e      	CP   R6,R30
00019b 067f      	CPC  R7,R31
00019c 9508      	RET
                 
                 ;OPTIMIZER ADDED SUBROUTINE, CALLED 6 TIMES, CODE SIZE REDUCTION:3 WORDS
                 SUBOPT_0xE:
00019d 9891      	CBI  0x12,1
00019e 9892      	CBI  0x12,2
00019f 9508      	RET
                 
                 ;OPTIMIZER ADDED SUBROUTINE, CALLED 3 TIMES, CODE SIZE REDUCTION:6 WORDS
                 SUBOPT_0xF:
0001a0 9893      	CBI  0x12,3
0001a1 9894      	CBI  0x12,4
0001a2 9895      	CBI  0x12,5
0001a3 9896      	CBI  0x12,6
0001a4 9897      	CBI  0x12,7
0001a5 9508      	RET
                 
                 ;OPTIMIZER ADDED SUBROUTINE, CALLED 7 TIMES, CODE SIZE REDUCTION:4 WORDS
                 SUBOPT_0x10:
0001a6 15e6      	CP   R30,R6
0001a7 05f7      	CPC  R31,R7
0001a8 9508      	RET
                 
                 ;OPTIMIZER ADDED SUBROUTINE, CALLED 5 TIMES, CODE SIZE REDUCTION:2 WORDS
                 SUBOPT_0x11:
0001a9 9890      	CBI  0x12,0
0001aa cff2      	RJMP SUBOPT_0xE
                 
                 ;RUNTIME LIBRARY
                 
                 	.CSEG
                 __ANEGW1:
0001ab 95f1      	NEG  R31
0001ac 95e1      	NEG  R30
0001ad 40f0      	SBCI R31,0
0001ae 9508      	RET
                 
                 __DIVW21U:
0001af 2400      	CLR  R0
0001b0 2411      	CLR  R1
0001b1 e190      	LDI  R25,16
                 __DIVW21U1:
0001b2 0faa      	LSL  R26
0001b3 1fbb      	ROL  R27
0001b4 1c00      	ROL  R0
0001b5 1c11      	ROL  R1
0001b6 1a0e      	SUB  R0,R30
0001b7 0a1f      	SBC  R1,R31
0001b8 f418      	BRCC __DIVW21U2
0001b9 0e0e      	ADD  R0,R30
0001ba 1e1f      	ADC  R1,R31
0001bb c001      	RJMP __DIVW21U3
                 __DIVW21U2:
0001bc 60a1      	SBR  R26,1
                 __DIVW21U3:
0001bd 959a      	DEC  R25
0001be f799      	BRNE __DIVW21U1
0001bf 01fd      	MOVW R30,R26
0001c0 01d0      	MOVW R26,R0
0001c1 9508      	RET
                 
                 __DIVW21:
0001c2 d004      	RCALL __CHKSIGNW
0001c3 dfeb      	RCALL __DIVW21U
0001c4 f40e      	BRTC __DIVW211
0001c5 dfe5      	RCALL __ANEGW1
                 __DIVW211:
0001c6 9508      	RET
                 
                 __CHKSIGNW:
0001c7 94e8      	CLT
0001c8 fff7      	SBRS R31,7
0001c9 c002      	RJMP __CHKSW1
0001ca dfe0      	RCALL __ANEGW1
0001cb 9468      	SET
                 __CHKSW1:
0001cc ffb7      	SBRS R27,7
0001cd c006      	RJMP __CHKSW2
0001ce 95b1      	NEG  R27
0001cf 95a1      	NEG  R26
0001d0 40b0      	SBCI R27,0
0001d1 f800      	BLD  R0,0
0001d2 9403      	INC  R0
0001d3 fa00      	BST  R0,0
                 __CHKSW2:
0001d4 9508      	RET
                 
                 _delay_ms:
0001d5 9610      	adiw r26,0
0001d6 f039      	breq __delay_ms1
                 __delay_ms0:
0001d7 95a8      	wdr
                +
0001d8 ef8a     +LDI R24 , LOW ( 0xFA )
0001d9 e090     +LDI R25 , HIGH ( 0xFA )
                +__DELAY_USW_LOOP :
0001da 9701     +SBIW R24 , 1
0001db f7f1     +BRNE __DELAY_USW_LOOP
                 	__DELAY_USW 0xFA
0001dc 9711      	sbiw r26,1
0001dd f7c9      	brne __delay_ms0
                 __delay_ms1:
0001de 9508      	ret
                 
                 ;END OF CODE MARKER
                 __END_OF_CODE:


RESOURCE USE INFORMATION
------------------------

Notice:
The register and instruction counts are symbol table hit counts,
and hence implicitly used resources are not counted, eg, the
'lpm' instruction without operands implicitly uses r0 and z,
none of which are counted.

x,y,z are separate entities in the symbol table and are
counted separately from r26..r31 here.

.dseg memory usage only counts static data declared with .byte

ATmega8535 register use summary:
r0 :  18 r1 :   4 r2 :   0 r3 :   0 r4 :   6 r5 :   5 r6 :   6 r7 :   5 
r8 :   0 r9 :   0 r10:   0 r11:   0 r12:   0 r13:   0 r14:   0 r15:   0 
r16:   0 r17:   4 r18:   0 r19:   0 r20:   0 r21:   0 r22:   0 r23:   0 
r24:   8 r25:   4 r26:  17 r27:   6 r28:   1 r29:   1 r30:  89 r31:  22 
x  :   2 y  :   2 z  :   2 
Registers used: 18 out of 35 (51.4%)

ATmega8535 instruction use summary:
.lds  :   0 .lds.l:   0 .sts  :   0 .sts.l:   0 adc   :   1 add   :   1 
adiw  :   1 and   :   0 andi  :   0 asr   :   0 bclr  :   0 bld   :   1 
brbc  :   0 brbs  :   0 brcc  :   1 brcs  :   0 break :   0 breq  :   1 
brge  :  16 brhc  :   0 brhs  :   0 brid  :   0 brie  :   0 brlo  :   0 
brlt  :  14 brmi  :   0 brne  :   6 brpl  :   0 brsh  :   0 brtc  :   1 
brts  :   0 brvc  :   0 brvs  :   0 bset  :   0 bst   :   1 cbi   :  64 
cbr   :   0 clc   :   0 clh   :   0 cli   :   1 cln   :   0 clr   :  10 
cls   :   0 clt   :   1 clv   :   0 clz   :   0 com   :   0 cp    :   6 
cpc   :   6 cpi   :   0 cpse  :   0 dec   :   3 des   :   0 eor   :   0 
fmul  :   0 fmuls :   0 fmulsu:   0 icall :   0 ijmp  :   0 in    :   1 
inc   :   1 ld    :   1 ldd   :   0 ldi   :  51 lds   :   0 lpm   :   4 
lsl   :   1 lsr   :   0 mov   :   6 movw  :   4 mul   :   0 muls  :   0 
mulsu :   0 neg   :   4 nop   :   0 or    :   0 ori   :   1 out   :  48 
pop   :   0 push  :   0 rcall :  87 ret   :  22 reti  :   0 rjmp  :  66 
rol   :   3 ror   :   0 sbc   :   1 sbci  :   4 sbi   :  18 sbic  :   3 
sbis  :   1 sbiw  :   3 sbr   :   1 sbrc  :   0 sbrs  :   2 sec   :   0 
seh   :   0 sei   :   0 sen   :   0 ser   :   0 ses   :   0 set   :   1 
sev   :   0 sez   :   0 sleep :   0 spm   :   0 st    :   3 std   :   0 
sts   :   0 sub   :   1 subi  :   2 swap  :   0 tst   :   0 wdr   :   1 

Instructions used: 46 out of 114 (40.4%)

ATmega8535 memory use summary [bytes]:
Segment   Begin    End      Code   Data   Used    Size   Use%
---------------------------------------------------------------
[.cseg] 0x000000 0x0003be    948     10    958    8192  11.7%
[.dseg] 0x000060 0x0000e0      0      0      0     512   0.0%
[.eseg] 0x000000 0x000000      0      0      0     512   0.0%

Assembly complete, 0 errors, 5 warnings
